# JRE version: OpenJDK Runtime Environment (11.0.8+10) (build 11.0.8+10-post-Ubuntu-0ubuntu118.04.1)
# Java VM: OpenJDK 64-Bit Server VM (11.0.8+10-post-Ubuntu-0ubuntu118.04.1, mixed mode, sharing, tiered, compressed oops, serial gc, linux-amd64)
Heap:
 def new generation   total 4928K, used 1843K [0x00000000f1000000, 0x00000000f1550000, 0x00000000f6000000)
  eden space 4416K,  40% used [0x00000000f1000000, 0x00000000f11c3228, 0x00000000f1450000)
  from space 512K,   7% used [0x00000000f1450000, 0x00000000f1459d98, 0x00000000f14d0000)
  to   space 512K,   0% used [0x00000000f14d0000, 0x00000000f14d0000, 0x00000000f1550000)
 tenured generation   total 10944K, used 3115K [0x00000000f6000000, 0x00000000f6ab0000, 0x0000000100000000)
   the space 10944K,  28% used [0x00000000f6000000, 0x00000000f630ae38, 0x00000000f630b000, 0x00000000f6ab0000)
 Metaspace       used 11132K, capacity 11603K, committed 11776K, reserved 1058816K
  class space    used 1206K, capacity 1458K, committed 1536K, reserved 1048576K
GC Heap History (8 events):
Event: 11.712 GC heap before
{Heap before GC invocations=0 (full 0):
 def new generation   total 4928K, used 4416K [0x00000000f1000000, 0x00000000f1550000, 0x00000000f6000000)
  eden space 4416K, 100% used [0x00000000f1000000, 0x00000000f1450000, 0x00000000f1450000)
  from space 512K,   0% used [0x00000000f1450000, 0x00000000f1450000, 0x00000000f14d0000)
  to   space 512K,   0% used [0x00000000f14d0000, 0x00000000f14d0000, 0x00000000f1550000)
 tenured generation   total 10944K, used 0K [0x00000000f6000000, 0x00000000f6ab0000, 0x0000000100000000)
   the space 10944K,   0% used [0x00000000f6000000, 0x00000000f6000000, 0x00000000f6000200, 0x00000000f6ab0000)
 Metaspace       used 4023K, capacity 4847K, committed 4992K, reserved 1056768K
  class space    used 406K, capacity 516K, committed 640K, reserved 1048576K
}
Event: 11.720 GC heap after
{Heap after GC invocations=1 (full 0):
 def new generation   total 4928K, used 511K [0x00000000f1000000, 0x00000000f1550000, 0x00000000f6000000)
  eden space 4416K,   0% used [0x00000000f1000000, 0x00000000f1000000, 0x00000000f1450000)
  from space 512K,  99% used [0x00000000f14d0000, 0x00000000f154fff8, 0x00000000f1550000)
  to   space 512K,   0% used [0x00000000f1450000, 0x00000000f1450000, 0x00000000f14d0000)
 tenured generation   total 10944K, used 840K [0x00000000f6000000, 0x00000000f6ab0000, 0x0000000100000000)
   the space 10944K,   7% used [0x00000000f6000000, 0x00000000f60d20e0, 0x00000000f60d2200, 0x00000000f6ab0000)
 Metaspace       used 4023K, capacity 4847K, committed 4992K, reserved 1056768K
  class space    used 406K, capacity 516K, committed 640K, reserved 1048576K
}
Event: 13.374 GC heap before
{Heap before GC invocations=1 (full 0):
 def new generation   total 4928K, used 4927K [0x00000000f1000000, 0x00000000f1550000, 0x00000000f6000000)
  eden space 4416K, 100% used [0x00000000f1000000, 0x00000000f1450000, 0x00000000f1450000)
  from space 512K,  99% used [0x00000000f14d0000, 0x00000000f154fff8, 0x00000000f1550000)
  to   space 512K,   0% used [0x00000000f1450000, 0x00000000f1450000, 0x00000000f14d0000)
 tenured generation   total 10944K, used 840K [0x00000000f6000000, 0x00000000f6ab0000, 0x0000000100000000)
   the space 10944K,   7% used [0x00000000f6000000, 0x00000000f60d20e0, 0x00000000f60d2200, 0x00000000f6ab0000)
 Metaspace       used 8239K, capacity 8600K, committed 8832K, reserved 1056768K
  class space    used 945K, capacity 1140K, committed 1152K, reserved 1048576K
}
Event: 13.382 GC heap after
{Heap after GC invocations=2 (full 0):
 def new generation   total 4928K, used 512K [0x00000000f1000000, 0x00000000f1550000, 0x00000000f6000000)
  eden space 4416K,   0% used [0x00000000f1000000, 0x00000000f1000000, 0x00000000f1450000)
  from space 512K, 100% used [0x00000000f1450000, 0x00000000f14d0000, 0x00000000f14d0000)
  to   space 512K,   0% used [0x00000000f14d0000, 0x00000000f14d0000, 0x00000000f1550000)
 tenured generation   total 10944K, used 1669K [0x00000000f6000000, 0x00000000f6ab0000, 0x0000000100000000)
   the space 10944K,  15% used [0x00000000f6000000, 0x00000000f61a1750, 0x00000000f61a1800, 0x00000000f6ab0000)
 Metaspace       used 8239K, capacity 8600K, committed 8832K, reserved 1056768K
  class space    used 945K, capacity 1140K, committed 1152K, reserved 1048576K
}
Event: 15.079 GC heap before
{Heap before GC invocations=2 (full 0):
 def new generation   total 4928K, used 4928K [0x00000000f1000000, 0x00000000f1550000, 0x00000000f6000000)
  eden space 4416K, 100% used [0x00000000f1000000, 0x00000000f1450000, 0x00000000f1450000)
  from space 512K, 100% used [0x00000000f1450000, 0x00000000f14d0000, 0x00000000f14d0000)
  to   space 512K,   0% used [0x00000000f14d0000, 0x00000000f14d0000, 0x00000000f1550000)
 tenured generation   total 10944K, used 1669K [0x00000000f6000000, 0x00000000f6ab0000, 0x0000000100000000)
   the space 10944K,  15% used [0x00000000f6000000, 0x00000000f61a1750, 0x00000000f61a1800, 0x00000000f6ab0000)
 Metaspace       used 10346K, capacity 10802K, committed 11008K, reserved 1058816K
  class space    used 1193K, capacity 1426K, committed 1536K, reserved 1048576K
}
Event: 15.085 GC heap after
{Heap after GC invocations=3 (full 0):
 def new generation   total 4928K, used 512K [0x00000000f1000000, 0x00000000f1550000, 0x00000000f6000000)
  eden space 4416K,   0% used [0x00000000f1000000, 0x00000000f1000000, 0x00000000f1450000)
  from space 512K, 100% used [0x00000000f14d0000, 0x00000000f1550000, 0x00000000f1550000)
  to   space 512K,   0% used [0x00000000f1450000, 0x00000000f1450000, 0x00000000f14d0000)
 tenured generation   total 10944K, used 2605K [0x00000000f6000000, 0x00000000f6ab0000, 0x0000000100000000)
   the space 10944K,  23% used [0x00000000f6000000, 0x00000000f628b650, 0x00000000f628b800, 0x00000000f6ab0000)
 Metaspace       used 10346K, capacity 10802K, committed 11008K, reserved 1058816K
  class space    used 1193K, capacity 1426K, committed 1536K, reserved 1048576K
}
Event: 319.784 GC heap before
{Heap before GC invocations=3 (full 0):
 def new generation   total 4928K, used 4928K [0x00000000f1000000, 0x00000000f1550000, 0x00000000f6000000)
  eden space 4416K, 100% used [0x00000000f1000000, 0x00000000f1450000, 0x00000000f1450000)
  from space 512K, 100% used [0x00000000f14d0000, 0x00000000f1550000, 0x00000000f1550000)
  to   space 512K,   0% used [0x00000000f1450000, 0x00000000f1450000, 0x00000000f14d0000)
 tenured generation   total 10944K, used 2605K [0x00000000f6000000, 0x00000000f6ab0000, 0x0000000100000000)
   the space 10944K,  23% used [0x00000000f6000000, 0x00000000f628b650, 0x00000000f628b800, 0x00000000f6ab0000)
 Metaspace       used 11110K, capacity 11603K, committed 11776K, reserved 1058816K
  class space    used 1206K, capacity 1458K, committed 1536K, reserved 1048576K
}
Event: 319.787 GC heap after
{Heap after GC invocations=4 (full 0):
 def new generation   total 4928K, used 39K [0x00000000f1000000, 0x00000000f1550000, 0x00000000f6000000)
  eden space 4416K,   0% used [0x00000000f1000000, 0x00000000f1000000, 0x00000000f1450000)
  from space 512K,   7% used [0x00000000f1450000, 0x00000000f1459d98, 0x00000000f14d0000)
  to   space 512K,   0% used [0x00000000f14d0000, 0x00000000f14d0000, 0x00000000f1550000)
 tenured generation   total 10944K, used 3115K [0x00000000f6000000, 0x00000000f6ab0000, 0x0000000100000000)
   the space 10944K,  28% used [0x00000000f6000000, 0x00000000f630ae38, 0x00000000f630b000, 0x00000000f6ab0000)
 Metaspace       used 11110K, capacity 11603K, committed 11776K, reserved 1058816K
  class space    used 1206K, capacity 1458K, committed 1536K, reserved 1048576K
}

